<?xml version="1.0" encoding="UTF-8"?>
<testng-results skipped="0" failed="0" ignored="0" total="2" passed="2">
  <reporter-output>
  </reporter-output>
  <suite name="Default suite" duration-ms="65" started-at="2020-07-17T02:01:08 BST" finished-at="2020-07-17T02:01:08 BST">
    <groups>
    </groups>
    <test name="Default test" duration-ms="65" started-at="2020-07-17T02:01:08 BST" finished-at="2020-07-17T02:01:08 BST">
      <class name="newPackage.testngAnnotations">
        <test-method status="PASS" signature="BeforeSuite()[pri:0, instance:newPackage.testngAnnotations@6321e813]" name="BeforeSuite" is-config="true" duration-ms="14" started-at="2020-07-17T02:01:08 BST" finished-at="2020-07-17T02:01:08 BST">
          <reporter-output>
          </reporter-output>
        </test-method> <!-- BeforeSuite -->
        <test-method status="PASS" signature="BeforeTest()[pri:0, instance:newPackage.testngAnnotations@6321e813]" name="BeforeTest" is-config="true" duration-ms="1" started-at="2020-07-17T02:01:08 BST" finished-at="2020-07-17T02:01:08 BST">
          <reporter-output>
          </reporter-output>
        </test-method> <!-- BeforeTest -->
        <test-method status="PASS" signature="BeforeClass()[pri:0, instance:newPackage.testngAnnotations@6321e813]" name="BeforeClass" is-config="true" duration-ms="1" started-at="2020-07-17T02:01:08 BST" finished-at="2020-07-17T02:01:08 BST">
          <reporter-output>
          </reporter-output>
        </test-method> <!-- BeforeClass -->
        <test-method status="PASS" signature="beforeMethod()[pri:0, instance:newPackage.testngAnnotations@6321e813]" name="beforeMethod" is-config="true" duration-ms="1" started-at="2020-07-17T02:01:08 BST" finished-at="2020-07-17T02:01:08 BST">
          <reporter-output>
          </reporter-output>
        </test-method> <!-- beforeMethod -->
        <test-method status="PASS" signature="testCase1()[pri:0, instance:newPackage.testngAnnotations@6321e813]" name="testCase1" duration-ms="8" started-at="2020-07-17T02:01:08 BST" finished-at="2020-07-17T02:01:08 BST">
          <reporter-output>
          </reporter-output>
        </test-method> <!-- testCase1 -->
        <test-method status="PASS" signature="AfterMethod()[pri:0, instance:newPackage.testngAnnotations@6321e813]" name="AfterMethod" is-config="true" duration-ms="1" started-at="2020-07-17T02:01:08 BST" finished-at="2020-07-17T02:01:08 BST">
          <reporter-output>
          </reporter-output>
        </test-method> <!-- AfterMethod -->
        <test-method status="PASS" signature="beforeMethod()[pri:0, instance:newPackage.testngAnnotations@6321e813]" name="beforeMethod" is-config="true" duration-ms="1" started-at="2020-07-17T02:01:08 BST" finished-at="2020-07-17T02:01:08 BST">
          <reporter-output>
          </reporter-output>
        </test-method> <!-- beforeMethod -->
        <test-method status="PASS" signature="testCase2()[pri:0, instance:newPackage.testngAnnotations@6321e813]" name="testCase2" duration-ms="3" started-at="2020-07-17T02:01:08 BST" finished-at="2020-07-17T02:01:08 BST">
          <reporter-output>
          </reporter-output>
        </test-method> <!-- testCase2 -->
        <test-method status="PASS" signature="AfterMethod()[pri:0, instance:newPackage.testngAnnotations@6321e813]" name="AfterMethod" is-config="true" duration-ms="1" started-at="2020-07-17T02:01:08 BST" finished-at="2020-07-17T02:01:08 BST">
          <reporter-output>
          </reporter-output>
        </test-method> <!-- AfterMethod -->
        <test-method status="PASS" signature="AfterClass()[pri:0, instance:newPackage.testngAnnotations@6321e813]" name="AfterClass" is-config="true" duration-ms="1" started-at="2020-07-17T02:01:08 BST" finished-at="2020-07-17T02:01:08 BST">
          <reporter-output>
          </reporter-output>
        </test-method> <!-- AfterClass -->
        <test-method status="PASS" signature="AfterTest()[pri:0, instance:newPackage.testngAnnotations@6321e813]" name="AfterTest" is-config="true" duration-ms="0" started-at="2020-07-17T02:01:08 BST" finished-at="2020-07-17T02:01:08 BST">
          <reporter-output>
          </reporter-output>
        </test-method> <!-- AfterTest -->
        <test-method status="PASS" signature="AfterSuite()[pri:0, instance:newPackage.testngAnnotations@6321e813]" name="AfterSuite" is-config="true" duration-ms="1" started-at="2020-07-17T02:01:09 BST" finished-at="2020-07-17T02:01:09 BST">
          <reporter-output>
          </reporter-output>
        </test-method> <!-- AfterSuite -->
      </class> <!-- newPackage.testngAnnotations -->
    </test> <!-- Default test -->
  </suite> <!-- Default suite -->
</testng-results>
